AStar/app/build/intermediates/manifest_merge_blame_file/debug/manifest-merger-blame-debug-report.txt
1<?xml version="1.0" encoding="utf-8"?>
2<manifest xmlns:android="http://schemas.android.com/apk/res/android"
3    package="com.example.astar"
4    android:versionCode="1"
5    android:versionName="1.0" >
6
7    <uses-sdk
8        android:minSdkVersion="24"
8-->src\main\AndroidManifest.xml
9        android:targetSdkVersion="33" />
9-->src\main\AndroidManifest.xml
10
11    <application
11-->src\main\AndroidManifest.xml:5:5-32:19
12        android:allowBackup="true"
12-->src\main\AndroidManifest.xml:6:9-35
13        android:appComponentFactory="androidx.core.app.CoreComponentFactory"
13-->[androidx.core:core:1.8.0] AndroidManifest.xml:24:18-86
14        android:dataExtractionRules="@xml/data_extraction_rules"
14-->src\main\AndroidManifest.xml:7:9-65
15        android:debuggable="true"
16        android:extractNativeLibs="false"
17        android:fullBackupContent="@xml/backup_rules"
17-->src\main\AndroidManifest.xml:8:9-54
18        android:icon="@mipmap/ic_launcher"
18-->src\main\AndroidManifest.xml:9:9-43
19        android:label="@string/app_name"
19-->src\main\AndroidManifest.xml:10:9-41
20        android:roundIcon="@mipmap/ic_launcher_round"
20-->src\main\AndroidManifest.xml:11:9-54
21        android:supportsRtl="true"
21-->src\main\AndroidManifest.xml:12:9-35
22        android:testOnly="true"
23        android:theme="@style/Theme.AStar" >
23-->src\main\AndroidManifest.xml:13:9-43
24        <activity
24-->src\main\AndroidManifest.xml:15:9-20:61
25            android:name="com.example.astar.FullscreenActivity"
25-->src\main\AndroidManifest.xml:16:13-47
26            android:configChanges="orientation|keyboardHidden|screenSize"
26-->src\main\AndroidManifest.xml:17:13-74
27            android:exported="false"
27-->src\main\AndroidManifest.xml:18:13-37
28            android:label="@string/title_activity_fullscreen"
28-->src\main\AndroidManifest.xml:19:13-62
29            android:theme="@style/Theme.AStar.Fullscreen" />
29-->src\main\AndroidManifest.xml:20:13-58
30        <activity
30-->src\main\AndroidManifest.xml:21:9-31:20
31            android:name="com.example.astar.MainActivity"
31-->src\main\AndroidManifest.xml:22:13-41
32            android:exported="true"
32-->src\main\AndroidManifest.xml:23:13-36
33            android:label="@string/app_name"
33-->src\main\AndroidManifest.xml:24:13-45
34            android:theme="@style/Theme.AStar" >
34-->src\main\AndroidManifest.xml:25:13-47
35            <intent-filter>
35-->src\main\AndroidManifest.xml:26:13-30:29
36                <action android:name="android.intent.action.MAIN" />
36-->src\main\AndroidManifest.xml:27:17-69
36-->src\main\AndroidManifest.xml:27:25-66
37
38                <category android:name="android.intent.category.LAUNCHER" />
38-->src\main\AndroidManifest.xml:29:17-77
38-->src\main\AndroidManifest.xml:29:27-74
39            </intent-filter>
40        </activity>
41        <activity
41-->[androidx.compose.ui:ui-tooling:1.3.0] AndroidManifest.xml:23:9-25:39
42            android:name="androidx.compose.ui.tooling.PreviewActivity"
42-->[androidx.compose.ui:ui-tooling:1.3.0] AndroidManifest.xml:24:13-71
43            android:exported="true" />
43-->[androidx.compose.ui:ui-tooling:1.3.0] AndroidManifest.xml:25:13-36
44        <activity
44-->[androidx.compose.ui:ui-test-manifest:1.3.0] AndroidManifest.xml:23:9-25:39
45            android:name="androidx.activity.ComponentActivity"
45-->[androidx.compose.ui:ui-test-manifest:1.3.0] AndroidManifest.xml:24:13-63
46            android:exported="true" />
46-->[androidx.compose.ui:ui-test-manifest:1.3.0] AndroidManifest.xml:25:13-36
47
48        <provider
48-->[androidx.emoji2:emoji2:1.0.0] AndroidManifest.xml:26:9-34:20
49            android:name="androidx.startup.InitializationProvider"
49-->[androidx.emoji2:emoji2:1.0.0] AndroidManifest.xml:27:13-67
50            android:authorities="com.example.astar.androidx-startup"
50-->[androidx.emoji2:emoji2:1.0.0] AndroidManifest.xml:28:13-68
51            android:exported="false" >
51-->[androidx.emoji2:emoji2:1.0.0] AndroidManifest.xml:29:13-37
52            <meta-data
52-->[androidx.emoji2:emoji2:1.0.0] AndroidManifest.xml:31:13-33:52
53                android:name="androidx.emoji2.text.EmojiCompatInitializer"
53-->[androidx.emoji2:emoji2:1.0.0] AndroidManifest.xml:32:17-75
54                android:value="androidx.startup" />
54-->[androidx.emoji2:emoji2:1.0.0] AndroidManifest.xml:33:17-49
55            <meta-data
55-->[androidx.lifecycle:lifecycle-process:2.4.0] AndroidManifest.xml:31:13-33:52
56                android:name="androidx.lifecycle.ProcessLifecycleInitializer"
56-->[androidx.lifecycle:lifecycle-process:2.4.0] AndroidManifest.xml:32:17-78
57                android:value="androidx.startup" />
57-->[androidx.lifecycle:lifecycle-process:2.4.0] AndroidManifest.xml:33:17-49
58            <meta-data
58-->[androidx.profileinstaller:profileinstaller:1.2.0] AndroidManifest.xml:30:13-32:52
59                android:name="androidx.profileinstaller.ProfileInstallerInitializer"
59-->[androidx.profileinstaller:profileinstaller:1.2.0] AndroidManifest.xml:31:17-85
60                android:value="androidx.startup" />
60-->[androidx.profileinstaller:profileinstaller:1.2.0] AndroidManifest.xml:32:17-49
61        </provider>
62
63        <receiver
63-->[androidx.profileinstaller:profileinstaller:1.2.0] AndroidManifest.xml:35:9-47:20
64            android:name="androidx.profileinstaller.ProfileInstallReceiver"
64-->[androidx.profileinstaller:profileinstaller:1.2.0] AndroidManifest.xml:36:13-76
65            android:directBootAware="false"
65-->[androidx.profileinstaller:profileinstaller:1.2.0] AndroidManifest.xml:37:13-44
66            android:enabled="true"
66-->[androidx.profileinstaller:profileinstaller:1.2.0] AndroidManifest.xml:38:13-35
67            android:exported="true"
67-->[androidx.profileinstaller:profileinstaller:1.2.0] AndroidManifest.xml:39:13-36
68            android:permission="android.permission.DUMP" >
68-->[androidx.profileinstaller:profileinstaller:1.2.0] AndroidManifest.xml:40:13-57
69            <intent-filter>
69-->[androidx.profileinstaller:profileinstaller:1.2.0] AndroidManifest.xml:41:13-43:29
70                <action android:name="androidx.profileinstaller.action.INSTALL_PROFILE" />
70-->[androidx.profileinstaller:profileinstaller:1.2.0] AndroidManifest.xml:42:17-91
70-->[androidx.profileinstaller:profileinstaller:1.2.0] AndroidManifest.xml:42:25-88
71            </intent-filter>
72            <intent-filter>
72-->[androidx.profileinstaller:profileinstaller:1.2.0] AndroidManifest.xml:44:13-46:29
73                <action android:name="androidx.profileinstaller.action.SKIP_FILE" />
73-->[androidx.profileinstaller:profileinstaller:1.2.0] AndroidManifest.xml:45:17-85
73-->[androidx.profileinstaller:profileinstaller:1.2.0] AndroidManifest.xml:45:25-82
74            </intent-filter>
75        </receiver>
76    </application>
77
78</manifest>